Performing C++ SOURCE FILE Test COMPILER_SUPPORT_wd981 failed with the following output:
Change Dir: /home/rishshah/git/ORB_SLAM2/Thirdparty/eigen-eigen-b9cd8366d4e8/build/CMakeFiles/CMakeTmp

Run Build Command:"/usr/bin/make" "cmTC_9a481/fast"
/usr/bin/make -f CMakeFiles/cmTC_9a481.dir/build.make CMakeFiles/cmTC_9a481.dir/build
make[1]: Entering directory '/home/rishshah/git/ORB_SLAM2/Thirdparty/eigen-eigen-b9cd8366d4e8/build/CMakeFiles/CMakeTmp'
Building CXX object CMakeFiles/cmTC_9a481.dir/src.cxx.o
/usr/bin/c++    -fexceptions -pedantic -Wall -Wextra -Wundef -Wcast-align -Wchar-subscripts -Wnon-virtual-dtor -Wunused-local-typedefs -Wpointer-arith -Wwrite-strings -Wformat-security -Wno-psabi -Wno-variadic-macros -Wno-long-long -fno-check-new -fno-common -fstrict-aliasing -DCOMPILER_SUPPORT_wd981 -Werror   -wd981 -o CMakeFiles/cmTC_9a481.dir/src.cxx.o -c /home/rishshah/git/ORB_SLAM2/Thirdparty/eigen-eigen-b9cd8366d4e8/build/CMakeFiles/CMakeTmp/src.cxx
c++: error: unrecognized command line option '-wd981'
CMakeFiles/cmTC_9a481.dir/build.make:65: recipe for target 'CMakeFiles/cmTC_9a481.dir/src.cxx.o' failed
make[1]: *** [CMakeFiles/cmTC_9a481.dir/src.cxx.o] Error 1
make[1]: Leaving directory '/home/rishshah/git/ORB_SLAM2/Thirdparty/eigen-eigen-b9cd8366d4e8/build/CMakeFiles/CMakeTmp'
Makefile:126: recipe for target 'cmTC_9a481/fast' failed
make: *** [cmTC_9a481/fast] Error 2

Source file was:
int main() { return 0; }
Performing C++ SOURCE FILE Test COMPILER_SUPPORT_wd2304 failed with the following output:
Change Dir: /home/rishshah/git/ORB_SLAM2/Thirdparty/eigen-eigen-b9cd8366d4e8/build/CMakeFiles/CMakeTmp

Run Build Command:"/usr/bin/make" "cmTC_3f5c4/fast"
/usr/bin/make -f CMakeFiles/cmTC_3f5c4.dir/build.make CMakeFiles/cmTC_3f5c4.dir/build
make[1]: Entering directory '/home/rishshah/git/ORB_SLAM2/Thirdparty/eigen-eigen-b9cd8366d4e8/build/CMakeFiles/CMakeTmp'
Building CXX object CMakeFiles/cmTC_3f5c4.dir/src.cxx.o
/usr/bin/c++    -fexceptions -pedantic -Wall -Wextra -Wundef -Wcast-align -Wchar-subscripts -Wnon-virtual-dtor -Wunused-local-typedefs -Wpointer-arith -Wwrite-strings -Wformat-security -Wno-psabi -Wno-variadic-macros -Wno-long-long -fno-check-new -fno-common -fstrict-aliasing -DCOMPILER_SUPPORT_wd2304 -Werror   -wd2304 -o CMakeFiles/cmTC_3f5c4.dir/src.cxx.o -c /home/rishshah/git/ORB_SLAM2/Thirdparty/eigen-eigen-b9cd8366d4e8/build/CMakeFiles/CMakeTmp/src.cxx
c++: error: unrecognized command line option '-wd2304'
CMakeFiles/cmTC_3f5c4.dir/build.make:65: recipe for target 'CMakeFiles/cmTC_3f5c4.dir/src.cxx.o' failed
make[1]: *** [CMakeFiles/cmTC_3f5c4.dir/src.cxx.o] Error 1
make[1]: Leaving directory '/home/rishshah/git/ORB_SLAM2/Thirdparty/eigen-eigen-b9cd8366d4e8/build/CMakeFiles/CMakeTmp'
Makefile:126: recipe for target 'cmTC_3f5c4/fast' failed
make: *** [cmTC_3f5c4/fast] Error 2

Source file was:
int main() { return 0; }
Performing C++ SOURCE FILE Test COMPILER_SUPPORT_STRICTANSI failed with the following output:
Change Dir: /home/rishshah/git/ORB_SLAM2/Thirdparty/eigen-eigen-b9cd8366d4e8/build/CMakeFiles/CMakeTmp

Run Build Command:"/usr/bin/make" "cmTC_5b07e/fast"
/usr/bin/make -f CMakeFiles/cmTC_5b07e.dir/build.make CMakeFiles/cmTC_5b07e.dir/build
make[1]: Entering directory '/home/rishshah/git/ORB_SLAM2/Thirdparty/eigen-eigen-b9cd8366d4e8/build/CMakeFiles/CMakeTmp'
Building CXX object CMakeFiles/cmTC_5b07e.dir/src.cxx.o
/usr/bin/c++    -fexceptions -pedantic -Wall -Wextra -Wundef -Wcast-align -Wchar-subscripts -Wnon-virtual-dtor -Wunused-local-typedefs -Wpointer-arith -Wwrite-strings -Wformat-security -Wno-psabi -Wno-variadic-macros -Wno-long-long -fno-check-new -fno-common -fstrict-aliasing -DCOMPILER_SUPPORT_STRICTANSI -Werror   -strict-ansi -o CMakeFiles/cmTC_5b07e.dir/src.cxx.o -c /home/rishshah/git/ORB_SLAM2/Thirdparty/eigen-eigen-b9cd8366d4e8/build/CMakeFiles/CMakeTmp/src.cxx
c++: error: unrecognized command line option '-strict-ansi'; did you mean '-fstrict-enums'?
CMakeFiles/cmTC_5b07e.dir/build.make:65: recipe for target 'CMakeFiles/cmTC_5b07e.dir/src.cxx.o' failed
make[1]: *** [CMakeFiles/cmTC_5b07e.dir/src.cxx.o] Error 1
make[1]: Leaving directory '/home/rishshah/git/ORB_SLAM2/Thirdparty/eigen-eigen-b9cd8366d4e8/build/CMakeFiles/CMakeTmp'
Makefile:126: recipe for target 'cmTC_5b07e/fast' failed
make: *** [cmTC_5b07e/fast] Error 2

Source file was:
int main() { return 0; }
Performing C++ SOURCE FILE Test COMPILER_SUPPORT_Qunusedarguments failed with the following output:
Change Dir: /home/rishshah/git/ORB_SLAM2/Thirdparty/eigen-eigen-b9cd8366d4e8/build/CMakeFiles/CMakeTmp

Run Build Command:"/usr/bin/make" "cmTC_f70b3/fast"
/usr/bin/make -f CMakeFiles/cmTC_f70b3.dir/build.make CMakeFiles/cmTC_f70b3.dir/build
make[1]: Entering directory '/home/rishshah/git/ORB_SLAM2/Thirdparty/eigen-eigen-b9cd8366d4e8/build/CMakeFiles/CMakeTmp'
Building CXX object CMakeFiles/cmTC_f70b3.dir/src.cxx.o
/usr/bin/c++    -fexceptions -pedantic -Wall -Wextra -Wundef -Wcast-align -Wchar-subscripts -Wnon-virtual-dtor -Wunused-local-typedefs -Wpointer-arith -Wwrite-strings -Wformat-security -Wno-psabi -Wno-variadic-macros -Wno-long-long -fno-check-new -fno-common -fstrict-aliasing -DCOMPILER_SUPPORT_Qunusedarguments -Werror   -Qunused-arguments -o CMakeFiles/cmTC_f70b3.dir/src.cxx.o -c /home/rishshah/git/ORB_SLAM2/Thirdparty/eigen-eigen-b9cd8366d4e8/build/CMakeFiles/CMakeTmp/src.cxx
c++: error: unrecognized command line option '-Qunused-arguments'; did you mean '-Wunused-parameter'?
CMakeFiles/cmTC_f70b3.dir/build.make:65: recipe for target 'CMakeFiles/cmTC_f70b3.dir/src.cxx.o' failed
make[1]: *** [CMakeFiles/cmTC_f70b3.dir/src.cxx.o] Error 1
make[1]: Leaving directory '/home/rishshah/git/ORB_SLAM2/Thirdparty/eigen-eigen-b9cd8366d4e8/build/CMakeFiles/CMakeTmp'
Makefile:126: recipe for target 'cmTC_f70b3/fast' failed
make: *** [cmTC_f70b3/fast] Error 2

Source file was:
int main() { return 0; }
Determining if the Q_WS_WIN exist failed with the following output:
Change Dir: /home/rishshah/git/ORB_SLAM2/Thirdparty/eigen-eigen-b9cd8366d4e8/build/CMakeFiles/CMakeTmp

Run Build Command:"/usr/bin/make" "cmTC_204b3/fast"
/usr/bin/make -f CMakeFiles/cmTC_204b3.dir/build.make CMakeFiles/cmTC_204b3.dir/build
make[1]: Entering directory '/home/rishshah/git/ORB_SLAM2/Thirdparty/eigen-eigen-b9cd8366d4e8/build/CMakeFiles/CMakeTmp'
Building CXX object CMakeFiles/cmTC_204b3.dir/CheckSymbolExists.cxx.o
/usr/bin/c++   -I/usr/include/qt4  -fexceptions -pedantic -Wall -Wextra -Wundef -Wcast-align -Wchar-subscripts -Wnon-virtual-dtor -Wunused-local-typedefs -Wpointer-arith -Wwrite-strings -Wformat-security -Wno-psabi -Wno-variadic-macros -Wno-long-long -fno-check-new -fno-common -fstrict-aliasing -ansi -O1 -g1    -o CMakeFiles/cmTC_204b3.dir/CheckSymbolExists.cxx.o -c /home/rishshah/git/ORB_SLAM2/Thirdparty/eigen-eigen-b9cd8366d4e8/build/CMakeFiles/CMakeTmp/CheckSymbolExists.cxx
/home/rishshah/git/ORB_SLAM2/Thirdparty/eigen-eigen-b9cd8366d4e8/build/CMakeFiles/CMakeTmp/CheckSymbolExists.cxx: In function ‘int main(int, char**)’:
/home/rishshah/git/ORB_SLAM2/Thirdparty/eigen-eigen-b9cd8366d4e8/build/CMakeFiles/CMakeTmp/CheckSymbolExists.cxx:8:19: error: ‘Q_WS_WIN’ was not declared in this scope
   return ((int*)(&Q_WS_WIN))[argc];
                   ^~~~~~~~
/home/rishshah/git/ORB_SLAM2/Thirdparty/eigen-eigen-b9cd8366d4e8/build/CMakeFiles/CMakeTmp/CheckSymbolExists.cxx:8:19: note: suggested alternative: ‘Q_WS_X11’
   return ((int*)(&Q_WS_WIN))[argc];
                   ^~~~~~~~
                   Q_WS_X11
CMakeFiles/cmTC_204b3.dir/build.make:65: recipe for target 'CMakeFiles/cmTC_204b3.dir/CheckSymbolExists.cxx.o' failed
make[1]: *** [CMakeFiles/cmTC_204b3.dir/CheckSymbolExists.cxx.o] Error 1
make[1]: Leaving directory '/home/rishshah/git/ORB_SLAM2/Thirdparty/eigen-eigen-b9cd8366d4e8/build/CMakeFiles/CMakeTmp'
Makefile:126: recipe for target 'cmTC_204b3/fast' failed
make: *** [cmTC_204b3/fast] Error 2

File /home/rishshah/git/ORB_SLAM2/Thirdparty/eigen-eigen-b9cd8366d4e8/build/CMakeFiles/CMakeTmp/CheckSymbolExists.cxx:
/* */
#include <QtCore/qglobal.h>

int main(int argc, char** argv)
{
  (void)argv;
#ifndef Q_WS_WIN
  return ((int*)(&Q_WS_WIN))[argc];
#else
  (void)argc;
  return 0;
#endif
}

Determining if the Q_WS_QWS exist failed with the following output:
Change Dir: /home/rishshah/git/ORB_SLAM2/Thirdparty/eigen-eigen-b9cd8366d4e8/build/CMakeFiles/CMakeTmp

Run Build Command:"/usr/bin/make" "cmTC_a45cd/fast"
/usr/bin/make -f CMakeFiles/cmTC_a45cd.dir/build.make CMakeFiles/cmTC_a45cd.dir/build
make[1]: Entering directory '/home/rishshah/git/ORB_SLAM2/Thirdparty/eigen-eigen-b9cd8366d4e8/build/CMakeFiles/CMakeTmp'
Building CXX object CMakeFiles/cmTC_a45cd.dir/CheckSymbolExists.cxx.o
/usr/bin/c++   -I/usr/include/qt4  -fexceptions -pedantic -Wall -Wextra -Wundef -Wcast-align -Wchar-subscripts -Wnon-virtual-dtor -Wunused-local-typedefs -Wpointer-arith -Wwrite-strings -Wformat-security -Wno-psabi -Wno-variadic-macros -Wno-long-long -fno-check-new -fno-common -fstrict-aliasing -ansi -O1 -g1    -o CMakeFiles/cmTC_a45cd.dir/CheckSymbolExists.cxx.o -c /home/rishshah/git/ORB_SLAM2/Thirdparty/eigen-eigen-b9cd8366d4e8/build/CMakeFiles/CMakeTmp/CheckSymbolExists.cxx
/home/rishshah/git/ORB_SLAM2/Thirdparty/eigen-eigen-b9cd8366d4e8/build/CMakeFiles/CMakeTmp/CheckSymbolExists.cxx: In function ‘int main(int, char**)’:
/home/rishshah/git/ORB_SLAM2/Thirdparty/eigen-eigen-b9cd8366d4e8/build/CMakeFiles/CMakeTmp/CheckSymbolExists.cxx:8:19: error: ‘Q_WS_QWS’ was not declared in this scope
   return ((int*)(&Q_WS_QWS))[argc];
                   ^~~~~~~~
/home/rishshah/git/ORB_SLAM2/Thirdparty/eigen-eigen-b9cd8366d4e8/build/CMakeFiles/CMakeTmp/CheckSymbolExists.cxx:8:19: note: suggested alternative: ‘Q_WS_X11’
   return ((int*)(&Q_WS_QWS))[argc];
                   ^~~~~~~~
                   Q_WS_X11
CMakeFiles/cmTC_a45cd.dir/build.make:65: recipe for target 'CMakeFiles/cmTC_a45cd.dir/CheckSymbolExists.cxx.o' failed
make[1]: *** [CMakeFiles/cmTC_a45cd.dir/CheckSymbolExists.cxx.o] Error 1
make[1]: Leaving directory '/home/rishshah/git/ORB_SLAM2/Thirdparty/eigen-eigen-b9cd8366d4e8/build/CMakeFiles/CMakeTmp'
Makefile:126: recipe for target 'cmTC_a45cd/fast' failed
make: *** [cmTC_a45cd/fast] Error 2

File /home/rishshah/git/ORB_SLAM2/Thirdparty/eigen-eigen-b9cd8366d4e8/build/CMakeFiles/CMakeTmp/CheckSymbolExists.cxx:
/* */
#include <QtCore/qglobal.h>

int main(int argc, char** argv)
{
  (void)argv;
#ifndef Q_WS_QWS
  return ((int*)(&Q_WS_QWS))[argc];
#else
  (void)argc;
  return 0;
#endif
}

Determining if the Q_WS_MAC exist failed with the following output:
Change Dir: /home/rishshah/git/ORB_SLAM2/Thirdparty/eigen-eigen-b9cd8366d4e8/build/CMakeFiles/CMakeTmp

Run Build Command:"/usr/bin/make" "cmTC_f5e91/fast"
/usr/bin/make -f CMakeFiles/cmTC_f5e91.dir/build.make CMakeFiles/cmTC_f5e91.dir/build
make[1]: Entering directory '/home/rishshah/git/ORB_SLAM2/Thirdparty/eigen-eigen-b9cd8366d4e8/build/CMakeFiles/CMakeTmp'
Building CXX object CMakeFiles/cmTC_f5e91.dir/CheckSymbolExists.cxx.o
/usr/bin/c++   -I/usr/include/qt4  -fexceptions -pedantic -Wall -Wextra -Wundef -Wcast-align -Wchar-subscripts -Wnon-virtual-dtor -Wunused-local-typedefs -Wpointer-arith -Wwrite-strings -Wformat-security -Wno-psabi -Wno-variadic-macros -Wno-long-long -fno-check-new -fno-common -fstrict-aliasing -ansi -O1 -g1    -o CMakeFiles/cmTC_f5e91.dir/CheckSymbolExists.cxx.o -c /home/rishshah/git/ORB_SLAM2/Thirdparty/eigen-eigen-b9cd8366d4e8/build/CMakeFiles/CMakeTmp/CheckSymbolExists.cxx
/home/rishshah/git/ORB_SLAM2/Thirdparty/eigen-eigen-b9cd8366d4e8/build/CMakeFiles/CMakeTmp/CheckSymbolExists.cxx: In function ‘int main(int, char**)’:
/home/rishshah/git/ORB_SLAM2/Thirdparty/eigen-eigen-b9cd8366d4e8/build/CMakeFiles/CMakeTmp/CheckSymbolExists.cxx:8:19: error: ‘Q_WS_MAC’ was not declared in this scope
   return ((int*)(&Q_WS_MAC))[argc];
                   ^~~~~~~~
/home/rishshah/git/ORB_SLAM2/Thirdparty/eigen-eigen-b9cd8366d4e8/build/CMakeFiles/CMakeTmp/CheckSymbolExists.cxx:8:19: note: suggested alternative: ‘Q_WS_X11’
   return ((int*)(&Q_WS_MAC))[argc];
                   ^~~~~~~~
                   Q_WS_X11
CMakeFiles/cmTC_f5e91.dir/build.make:65: recipe for target 'CMakeFiles/cmTC_f5e91.dir/CheckSymbolExists.cxx.o' failed
make[1]: *** [CMakeFiles/cmTC_f5e91.dir/CheckSymbolExists.cxx.o] Error 1
make[1]: Leaving directory '/home/rishshah/git/ORB_SLAM2/Thirdparty/eigen-eigen-b9cd8366d4e8/build/CMakeFiles/CMakeTmp'
Makefile:126: recipe for target 'cmTC_f5e91/fast' failed
make: *** [cmTC_f5e91/fast] Error 2

File /home/rishshah/git/ORB_SLAM2/Thirdparty/eigen-eigen-b9cd8366d4e8/build/CMakeFiles/CMakeTmp/CheckSymbolExists.cxx:
/* */
#include <QtCore/qglobal.h>

int main(int argc, char** argv)
{
  (void)argv;
#ifndef Q_WS_MAC
  return ((int*)(&Q_WS_MAC))[argc];
#else
  (void)argc;
  return 0;
#endif
}

Compiling the Fortran compiler identification source file "CMakeFortranCompilerId.F" failed.
Compiler: CMAKE_Fortran_COMPILER-NOTFOUND 
Build flags: 
Id flags: -v 

The output was:
No such file or directory


Compiling the Fortran compiler identification source file "CMakeFortranCompilerId.F" failed.
Compiler: CMAKE_Fortran_COMPILER-NOTFOUND 
Build flags: 
Id flags:  

The output was:
No such file or directory


Compiling the Fortran compiler identification source file "CMakeFortranCompilerId.F" failed.
Compiler: CMAKE_Fortran_COMPILER-NOTFOUND 
Build flags: 
Id flags: -c 

The output was:
No such file or directory


Compiling the Fortran compiler identification source file "CMakeFortranCompilerId.F" failed.
Compiler: CMAKE_Fortran_COMPILER-NOTFOUND 
Build flags: 
Id flags: -fpp 

The output was:
No such file or directory


Compiling the Fortran compiler identification source file "CMakeFortranCompilerId.F" failed.
Compiler: CMAKE_Fortran_COMPILER-NOTFOUND 
Build flags: 
Id flags: -v 

The output was:
No such file or directory


Compiling the Fortran compiler identification source file "CMakeFortranCompilerId.F" failed.
Compiler: CMAKE_Fortran_COMPILER-NOTFOUND 
Build flags: 
Id flags:  

The output was:
No such file or directory


Compiling the Fortran compiler identification source file "CMakeFortranCompilerId.F" failed.
Compiler: CMAKE_Fortran_COMPILER-NOTFOUND 
Build flags: 
Id flags: -c 

The output was:
No such file or directory


Compiling the Fortran compiler identification source file "CMakeFortranCompilerId.F" failed.
Compiler: CMAKE_Fortran_COMPILER-NOTFOUND 
Build flags: 
Id flags: -fpp 

The output was:
No such file or directory


